<?xml version="1.0" encoding="UTF-8"?>
<!-- Generated by org.testng.reporters.JUnitReportReporter -->
<testsuite hostname="MS-7B48" failures="0" tests="8" name="listener_demo.TestCases" time="7.724" errors="0" timestamp="2022-08-10T14:05:58 CST" skipped="0">
  <testcase classname="listener_demo.TestCases" name="calculatePageLoadTime" time="0.736"/>
  <system-out/>
  <testcase classname="listener_demo.TestCases" name="verifyNumberOfProducts" time="0.188"/>
  <system-out/>
  <testcase classname="listener_demo.TestCases" name="verifyPageSource" time="0.013"/>
  <system-out/>
  <testcase classname="listener_demo.TestCases" name="getWindowHandle" time="4.647"/>
  <system-out/>
  <testcase classname="listener_demo.TestCases" name="navigateToDifferentUrl" time="1.689"/>
  <system-out/>
  <testcase classname="listener_demo.TestCases" name="testSuccessfulLogin" time="0.271"/>
  <system-out/>
  <testcase classname="listener_demo.TestCases" name="verifyCurrentURL" time="0.031"/>
  <system-out/>
  <testcase classname="listener_demo.TestCases" name="verifyHomepageTitle" time="0.149"/>
  <system-out/>
</testsuite> <!-- listener_demo.TestCases -->
