<?xml version="1.0" encoding="UTF-8"?>
<!-- Generated by org.testng.reporters.JUnitReportReporter -->
<testsuite hostname="MS-7B48" failures="0" tests="8" name="listener_demo.TestCases" time="6.640" errors="0" timestamp="2022-08-09T21:36:42 CST" skipped="0">
  <testcase classname="listener_demo.TestCases" name="navigateToDifferentUrl" time="1.149"/>
  <system-out/>
  <testcase classname="listener_demo.TestCases" name="getWindowHandle" time="4.230"/>
  <system-out/>
  <testcase classname="listener_demo.TestCases" name="testSuccessfulLogin" time="0.288"/>
  <system-out/>
  <testcase classname="listener_demo.TestCases" name="verifyNumberOfProducts" time="0.171"/>
  <system-out/>
  <testcase classname="listener_demo.TestCases" name="verifyCurrentURL" time="0.030"/>
  <system-out/>
  <testcase classname="listener_demo.TestCases" name="calculatePageLoadTime" time="0.607"/>
  <system-out/>
  <testcase classname="listener_demo.TestCases" name="verifyHomepageTitle" time="0.157"/>
  <system-out/>
  <testcase classname="listener_demo.TestCases" name="verifyPageSource" time="0.008"/>
  <system-out/>
</testsuite> <!-- listener_demo.TestCases -->
