<?xml version="1.0" encoding="UTF-8"?>
<!-- Generated by org.testng.reporters.JUnitReportReporter -->
<testsuite hostname="MS-7B48" failures="0" tests="1" name="listener_demo.TestCases" time="0.933" errors="0" timestamp="2022-08-07T21:36:12 CST" skipped="0">
  <testcase classname="listener_demo.TestCases" name="verifyHomepageTitle" time="0.933"/>
  <system-out/>
</testsuite> <!-- listener_demo.TestCases -->
